<?xml version="1.0" encoding="UTF-8"?>
<testng-results ignored="0" total="3" passed="3" failed="0" skipped="0">
  <reporter-output>
  </reporter-output>
  <suite started-at="2024-09-14T22:28:54 IST" name="Suite" finished-at="2024-09-14T22:28:54 IST" duration-ms="138">
    <groups>
    </groups>
    <test started-at="2024-09-14T22:28:54 IST" name="Test" finished-at="2024-09-14T22:28:54 IST" duration-ms="138">
      <class name="test.Maven_GithubAction_integration.WebTest1">
        <test-method signature="Test1()[pri:1, instance:test.Maven_GithubAction_integration.WebTest1@30c15d8b]" started-at="2024-09-14T22:28:54 IST" name="Test1" finished-at="2024-09-14T22:28:54 IST" duration-ms="34" status="PASS">
          <reporter-output>
          </reporter-output>
        </test-method> <!-- Test1 -->
        <test-method signature="Test2()[pri:2, instance:test.Maven_GithubAction_integration.WebTest1@30c15d8b]" started-at="2024-09-14T22:28:54 IST" name="Test2" finished-at="2024-09-14T22:28:54 IST" duration-ms="4" status="PASS">
          <reporter-output>
          </reporter-output>
        </test-method> <!-- Test2 -->
        <test-method signature="Test3()[pri:3, instance:test.Maven_GithubAction_integration.WebTest1@30c15d8b]" started-at="2024-09-14T22:28:54 IST" name="Test3" finished-at="2024-09-14T22:28:54 IST" duration-ms="3" status="PASS">
          <reporter-output>
          </reporter-output>
        </test-method> <!-- Test3 -->
      </class> <!-- test.Maven_GithubAction_integration.WebTest1 -->
    </test> <!-- Test -->
  </suite> <!-- Suite -->
</testng-results>
