<?xml version="1.0" encoding="UTF-8"?>
<testng-results ignored="0" total="4" passed="4" failed="0" skipped="0">
  <reporter-output>
  </reporter-output>
  <suite started-at="2024-09-15T01:03:40 IST" name="Suite" finished-at="2024-09-15T01:03:40 IST" duration-ms="75">
    <groups>
    </groups>
    <test started-at="2024-09-15T01:03:40 IST" name="Test" finished-at="2024-09-15T01:03:40 IST" duration-ms="75">
      <class name="test.Maven_GithubAction_integration.WebTest1">
        <test-method signature="Test1()[pri:1, instance:test.Maven_GithubAction_integration.WebTest1@6356695f]" started-at="2024-09-15T01:03:40 IST" name="Test1" finished-at="2024-09-15T01:03:40 IST" duration-ms="8" status="PASS">
          <reporter-output>
          </reporter-output>
        </test-method> <!-- Test1 -->
        <test-method signature="Test2()[pri:2, instance:test.Maven_GithubAction_integration.WebTest1@6356695f]" started-at="2024-09-15T01:03:40 IST" name="Test2" finished-at="2024-09-15T01:03:40 IST" duration-ms="1" status="PASS">
          <reporter-output>
          </reporter-output>
        </test-method> <!-- Test2 -->
        <test-method signature="Test3()[pri:3, instance:test.Maven_GithubAction_integration.WebTest1@6356695f]" started-at="2024-09-15T01:03:40 IST" name="Test3" finished-at="2024-09-15T01:03:40 IST" duration-ms="2" status="PASS">
          <reporter-output>
          </reporter-output>
        </test-method> <!-- Test3 -->
        <test-method signature="Test4()[pri:4, instance:test.Maven_GithubAction_integration.WebTest1@6356695f]" started-at="2024-09-15T01:03:40 IST" name="Test4" finished-at="2024-09-15T01:03:40 IST" duration-ms="0" status="PASS">
          <reporter-output>
          </reporter-output>
        </test-method> <!-- Test4 -->
      </class> <!-- test.Maven_GithubAction_integration.WebTest1 -->
    </test> <!-- Test -->
  </suite> <!-- Suite -->
</testng-results>
