<?xml version="1.0" encoding="UTF-8"?>
<!-- Generated by org.testng.reporters.JUnitXMLReporter -->
<testsuite ignored="0" hostname="HP-5CG8283BFM" failures="0" tests="3" name="Default test" time="0.196" errors="0" timestamp="2024-09-14T22:28:24 IST">
  <testcase classname="test.Maven_GithubAction_integration.WebTest1" name="Test1" time="0.066"/>
  <testcase classname="test.Maven_GithubAction_integration.WebTest1" name="Test2" time="0.004"/>
  <testcase classname="test.Maven_GithubAction_integration.WebTest1" name="Test3" time="0.003"/>
</testsuite> <!-- Default test -->
